<?xml version="1.0" encoding="UTF-8"?>
<!-- Generated by org.testng.reporters.JUnitReportReporter -->
<testsuite hostname="DESKTOP-JLV575E" failures="0" tests="4" name="saucedemo.TestClass" time="1.715" errors="0" timestamp="2023-12-17T13:32:40 IST" skipped="0">
  <testcase classname="saucedemo.TestClass" name="testCase4" time="0.351"/>
  <testcase classname="saucedemo.TestClass" name="testCase1" time="0.480"/>
  <testcase classname="saucedemo.TestClass" name="testCase3" time="0.428"/>
  <testcase classname="saucedemo.TestClass" name="testCase2" time="0.456"/>
</testsuite> <!-- saucedemo.TestClass -->
